<?xml version="1.0" encoding="UTF-8"?>
<testsuite xmlns:xsi="http://www.w3.org/2001/XMLSchema-instance" xsi:noNamespaceSchemaLocation="https://maven.apache.org/surefire/maven-surefire-plugin/xsd/surefire-test-report.xsd" version="3.0.2" name="com.springboot.demo.mycoolapp.MycoolappApplicationTests" time="2.954" tests="1" errors="0" skipped="0" failures="0">
  <properties>
[...]
</properties>
  <testcase name="contextLoads" classname="com.springboot.demo.mycoolapp.MycoolappApplicationTests" time="0.815">
    <system-out><![CDATA[21:39:01.741 [main] INFO org.springframework.test.context.support.AnnotationConfigContextLoaderUtils -- Could not detect default configuration classes for test class [com.springboot.demo.mycoolapp.MycoolappApplicationTests]: MycoolappApplicationTests does not declare any static, non-private, non-final, nested classes annotated with @Configuration.
21:39:01.865 [main] INFO org.springframework.boot.test.context.SpringBootTestContextBootstrapper -- Found @SpringBootConfiguration com.springboot.demo.mycoolapp.MycoolappApplication for test class com.springboot.demo.mycoolapp.MycoolappApplicationTests
21:39:02.065 [main] INFO org.springframework.boot.devtools.restart.RestartApplicationListener -- Restart disabled due to context in which it is running

  .   ____          _            __ _ _
 /\\ / ___'_ __ _ _(_)_ __  __ _ \ \ \ \
( ( )\___ | '_ | '_| | '_ \/ _` | \ \ \ \
 \\/  ___)| |_)| | | | | || (_| |  ) ) ) )
  '  |____| .__|_| |_|_| |_\__, | / / / /
 =========|_|==============|___/=/_/_/_/

 :: Spring Boot ::                (v3.4.3)

2025-02-23T21:39:02.344+08:00  INFO 11688 --- [mycoolapp] [           main] c.s.d.m.MycoolappApplicationTests        : Starting MycoolappApplicationTests using Java 21.0.5 with PID 11688 (started by User in C:\Users\fgcte\Documents\0-tilee\0-udemy\1-spring_boot_3_spring_6_and_hibernate\spring_boot_3_spring_6_course\spring_boot_3_spring_6_course\01-spring_boot_overview\05-command_line_demo)
2025-02-23T21:39:02.346+08:00  INFO 11688 --- [mycoolapp] [           main] c.s.d.m.MycoolappApplicationTests        : No active profile set, falling back to 1 default profile: "default"
2025-02-23T21:39:03.686+08:00  INFO 11688 --- [mycoolapp] [           main] c.s.d.m.MycoolappApplicationTests        : Started MycoolappApplicationTests in 1.644 seconds (process running for 2.672)
]]></system-out>
    <system-err><![CDATA[Mockito is currently self-attaching to enable the inline-mock-maker. This will no longer work in future releases of the JDK. Please add Mockito as an agent to your build what is described in Mockito's documentation: https://javadoc.io/doc/org.mockito/mockito-core/latest/org/mockito/Mockito.html#0.3
WARNING: A Java agent has been loaded dynamically (C:\Users\fgcte\.m2\repository\net\bytebuddy\byte-buddy-agent\1.15.11\byte-buddy-agent-1.15.11.jar)
WARNING: If a serviceability tool is in use, please run with -XX:+EnableDynamicAgentLoading to hide this warning
WARNING: If a serviceability tool is not in use, please run with -Djdk.instrument.traceUsage for more information
WARNING: Dynamic loading of agents will be disallowed by default in a future release
]]></system-err>
  </testcase>
</testsuite>